<?xml version="1.0" encoding="UTF-8"?>
<!-- Generated by org.testng.reporters.JUnitXMLReporter -->
<testsuite ignored="2" hostname="5CD138MBGZ" failures="0" tests="37" name="Test" time="0.992" errors="0" timestamp="2023-05-22T11:26:18 IST">
  <testcase classname="pomTest.BaseTest" name="@BeforeSuite initBrowser" time="7.497">
    <failure type="org.openqa.selenium.WebDriverException" message="unknown error: net::ERR_CONNECTION_REFUSED
  (Session info: chrome=112.0.5615.138)
Build info: version: &amp;apos;4.7.2&amp;apos;, revision: &amp;apos;4d4020c3b7&amp;apos;
System info: os.name: &amp;apos;Windows 10&amp;apos;, os.arch: &amp;apos;amd64&amp;apos;, os.version: &amp;apos;10.0&amp;apos;, java.version: &amp;apos;17.0.2&amp;apos;
Driver info: org.openqa.selenium.chrome.ChromeDriver
Command: [4ea663ebb6cfe6edaf46861b658d7069, get {url=https://141.148.208.161:8002/ouaf/loginPage.jsp}]
Capabilities {acceptInsecureCerts: false, browserName: chrome, browserVersion: 112.0.5615.138, chrome: {chromedriverVersion: 112.0.5615.49 (bd2a7bcb881c..., userDataDir: C:\Users\301584\AppData\Loc...}, goog:chromeOptions: {debuggerAddress: localhost:61595}, networkConnectionEnabled: false, pageLoadStrategy: normal, platformName: WINDOWS, proxy: Proxy(), se:cdp: ws://localhost:61595/devtoo..., se:cdpVersion: 112.0.5615.138, setWindowRect: true, strictFileInteractability: false, timeouts: {implicit: 0, pageLoad: 300000, script: 30000}, unhandledPromptBehavior: dismiss and notify, webauthn:extension:credBlob: true, webauthn:extension:largeBlob: true, webauthn:extension:minPinLength: true, webauthn:extension:prf: true, webauthn:virtualAuthenticators: true}
Session ID: 4ea663ebb6cfe6edaf46861b658d7069">
      <![CDATA[org.openqa.selenium.WebDriverException: unknown error: net::ERR_CONNECTION_REFUSED
  (Session info: chrome=112.0.5615.138)
Build info: version: '4.7.2', revision: '4d4020c3b7'
System info: os.name: 'Windows 10', os.arch: 'amd64', os.version: '10.0', java.version: '17.0.2'
Driver info: org.openqa.selenium.chrome.ChromeDriver
Command: [4ea663ebb6cfe6edaf46861b658d7069, get {url=https://141.148.208.161:8002/ouaf/loginPage.jsp}]
Capabilities {acceptInsecureCerts: false, browserName: chrome, browserVersion: 112.0.5615.138, chrome: {chromedriverVersion: 112.0.5615.49 (bd2a7bcb881c..., userDataDir: C:\Users\301584\AppData\Loc...}, goog:chromeOptions: {debuggerAddress: localhost:61595}, networkConnectionEnabled: false, pageLoadStrategy: normal, platformName: WINDOWS, proxy: Proxy(), se:cdp: ws://localhost:61595/devtoo..., se:cdpVersion: 112.0.5615.138, setWindowRect: true, strictFileInteractability: false, timeouts: {implicit: 0, pageLoad: 300000, script: 30000}, unhandledPromptBehavior: dismiss and notify, webauthn:extension:credBlob: true, webauthn:extension:largeBlob: true, webauthn:extension:minPinLength: true, webauthn:extension:prf: true, webauthn:virtualAuthenticators: true}
Session ID: 4ea663ebb6cfe6edaf46861b658d7069
at org.openqa.selenium.remote.codec.w3c.W3CHttpResponseCodec.createException(W3CHttpResponseCodec.java:200)
at org.openqa.selenium.remote.codec.w3c.W3CHttpResponseCodec.decode(W3CHttpResponseCodec.java:133)
at org.openqa.selenium.remote.codec.w3c.W3CHttpResponseCodec.decode(W3CHttpResponseCodec.java:53)
at org.openqa.selenium.remote.HttpCommandExecutor.execute(HttpCommandExecutor.java:184)
at org.openqa.selenium.remote.service.DriverCommandExecutor.invokeExecute(DriverCommandExecutor.java:167)
at org.openqa.selenium.remote.service.DriverCommandExecutor.execute(DriverCommandExecutor.java:142)
at org.openqa.selenium.remote.RemoteWebDriver.execute(RemoteWebDriver.java:535)
at org.openqa.selenium.remote.RemoteWebDriver.get(RemoteWebDriver.java:296)
at pomTest.BaseTest.initBrowser(BaseTest.java:45)
... Removed 24 stack frames]]>
    </failure>
  </testcase> <!-- @BeforeSuite initBrowser -->
  <testcase classname="pomTest.BaseTest" name="@BeforeClass createObject" time="-1.684734977802E9">
    <skipped/>
  </testcase> <!-- @BeforeClass createObject -->
  <testcase classname="pomTest.BaseTest" name="@BeforeClass createObject" time="-1.684734977813E9">
    <skipped/>
  </testcase> <!-- @BeforeClass createObject -->
  <testcase classname="pomTest.LoginTest" name="login" time="0.0">
    <skipped/>
  </testcase> <!-- login -->
  <testcase classname="pomTest.DashboardTest" name="clickAsset" time="0.0">
    <skipped/>
  </testcase> <!-- clickAsset -->
  <testcase classname="pomTest.DashboardTest" name="searchBadge" time="0.0">
    <skipped/>
  </testcase> <!-- searchBadge -->
  <testcase classname="pomTest.DashboardTest" name="searchBadge" time="0.0">
    <skipped/>
  </testcase> <!-- searchBadge -->
  <testcase classname="pomTest.DashboardTest" name="searchBadge" time="0.0">
    <skipped/>
  </testcase> <!-- searchBadge -->
  <testcase classname="pomTest.DashboardTest" name="searchBadge" time="0.0">
    <skipped/>
  </testcase> <!-- searchBadge -->
  <testcase classname="pomTest.DashboardTest" name="searchBadge" time="0.0">
    <skipped/>
  </testcase> <!-- searchBadge -->
  <testcase classname="pomTest.DashboardTest" name="searchBadge" time="0.0">
    <skipped/>
  </testcase> <!-- searchBadge -->
  <testcase classname="pomTest.DashboardTest" name="searchBadge" time="0.0">
    <skipped/>
  </testcase> <!-- searchBadge -->
  <testcase classname="pomTest.DashboardTest" name="searchBadge" time="0.0">
    <skipped/>
  </testcase> <!-- searchBadge -->
  <testcase classname="pomTest.DashboardTest" name="searchBadge" time="0.0">
    <skipped/>
  </testcase> <!-- searchBadge -->
  <testcase classname="pomTest.DashboardTest" name="searchBadge" time="0.0">
    <skipped/>
  </testcase> <!-- searchBadge -->
  <testcase classname="pomTest.DashboardTest" name="searchBadge" time="0.0">
    <skipped/>
  </testcase> <!-- searchBadge -->
  <testcase classname="pomTest.DashboardTest" name="searchBadge" time="0.0">
    <skipped/>
  </testcase> <!-- searchBadge -->
  <testcase classname="pomTest.DashboardTest" name="searchBadge" time="0.0">
    <skipped/>
  </testcase> <!-- searchBadge -->
  <testcase classname="pomTest.DashboardTest" name="searchBadge" time="0.0">
    <skipped/>
  </testcase> <!-- searchBadge -->
  <testcase classname="pomTest.DashboardTest" name="searchBadge" time="0.0">
    <skipped/>
  </testcase> <!-- searchBadge -->
  <testcase classname="pomTest.DashboardTest" name="searchBadge" time="0.0">
    <skipped/>
  </testcase> <!-- searchBadge -->
  <testcase classname="pomTest.DashboardTest" name="searchBadge" time="0.0">
    <skipped/>
  </testcase> <!-- searchBadge -->
  <testcase classname="pomTest.DashboardTest" name="searchBadge" time="0.0">
    <skipped/>
  </testcase> <!-- searchBadge -->
  <testcase classname="pomTest.DashboardTest" name="searchBadge" time="0.0">
    <skipped/>
  </testcase> <!-- searchBadge -->
  <testcase classname="pomTest.DashboardTest" name="searchBadge" time="0.0">
    <skipped/>
  </testcase> <!-- searchBadge -->
  <testcase classname="pomTest.DashboardTest" name="searchBadge" time="0.0">
    <skipped/>
  </testcase> <!-- searchBadge -->
  <testcase classname="pomTest.DashboardTest" name="searchBadge" time="0.0">
    <skipped/>
  </testcase> <!-- searchBadge -->
  <testcase classname="pomTest.DashboardTest" name="searchBadge" time="0.0">
    <skipped/>
  </testcase> <!-- searchBadge -->
  <testcase classname="pomTest.DashboardTest" name="searchBadge" time="0.0">
    <skipped/>
  </testcase> <!-- searchBadge -->
  <testcase classname="pomTest.DashboardTest" name="searchBadge" time="0.0">
    <skipped/>
  </testcase> <!-- searchBadge -->
  <testcase classname="pomTest.DashboardTest" name="searchBadge" time="0.0">
    <skipped/>
  </testcase> <!-- searchBadge -->
  <testcase classname="pomTest.DashboardTest" name="searchBadge" time="0.0">
    <skipped/>
  </testcase> <!-- searchBadge -->
  <testcase classname="pomTest.DashboardTest" name="searchBadge" time="0.0">
    <skipped/>
  </testcase> <!-- searchBadge -->
  <testcase classname="pomTest.DashboardTest" name="searchBadge" time="0.0">
    <skipped/>
  </testcase> <!-- searchBadge -->
  <testcase classname="pomTest.DashboardTest" name="searchBadge" time="0.0">
    <skipped/>
  </testcase> <!-- searchBadge -->
  <testcase classname="pomTest.DashboardTest" name="searchBadge" time="0.0">
    <skipped/>
  </testcase> <!-- searchBadge -->
  <testcase classname="pomTest.DashboardTest" name="searchBadge" time="0.0">
    <skipped/>
  </testcase> <!-- searchBadge -->
  <testcase classname="pomTest.DashboardTest" name="searchBadge" time="0.0">
    <skipped/>
  </testcase> <!-- searchBadge -->
  <testcase classname="pomTest.DashboardTest" name="searchBadge" time="0.0">
    <skipped/>
  </testcase> <!-- searchBadge -->
  <testcase classname="pomTest.DashboardTest" name="searchBadge" time="0.0">
    <skipped/>
  </testcase> <!-- searchBadge -->
  <testcase classname="pomTest.BaseTest" name="@BeforeSuite initBrowser" time="0.0">
    <ignored/>
  </testcase> <!-- @BeforeSuite initBrowser -->
  <testcase classname="pomTest.BaseTest" name="@BeforeSuite initBrowser" time="0.0">
    <ignored/>
  </testcase> <!-- @BeforeSuite initBrowser -->
</testsuite> <!-- Test -->
